2024-02-21 07:10:14,077 - INFO - ('Current icons color ', None, 'New icons color', '#FFFFFF')
2024-02-21 07:10:14,078 - INFO - Generating icons for your theme, please wait. This may take long
2024-02-21 07:10:15,594 - INFO - ('DONE: Current icons color ', '#FFFFFF')
2024-02-21 07:14:31,333 - INFO - Checking icons for Default-theme theme. Icons color: #FFFFFF
2024-02-25 00:05:55,162 - INFO - Checking icons for Default-theme theme. Icons color: #FFFFFF
2024-02-25 00:05:56,439 - INFO - all icons have been checked and missing icons generated!
2024-02-25 00:08:16,245 - INFO - Checking icons for Default-theme theme. Icons color: #FFFFFF
2024-02-25 00:08:17,176 - INFO - all icons have been checked and missing icons generated!
2024-02-25 01:29:21,091 - INFO - Checking icons for Default-theme theme. Icons color: #FFFFFF
2024-02-25 01:29:21,845 - INFO - all icons have been checked and missing icons generated!
2024-02-25 01:49:23,635 - INFO - Checking icons for Default-theme theme. Icons color: #FFFFFF
2024-02-25 01:49:24,419 - INFO - all icons have been checked and missing icons generated!
2024-02-25 01:50:09,821 - INFO - Checking icons for Default-theme theme. Icons color: #FFFFFF
2024-02-25 01:50:10,601 - INFO - all icons have been checked and missing icons generated!
2024-02-25 02:03:10,759 - INFO - Checking icons for Default-theme theme. Icons color: #FFFFFF
2024-02-25 02:03:11,521 - INFO - all icons have been checked and missing icons generated!
2024-02-25 02:04:29,200 - INFO - Checking icons for Default-theme theme. Icons color: #FFFFFF
2024-02-25 02:04:29,955 - INFO - all icons have been checked and missing icons generated!
2024-02-25 02:05:07,489 - INFO - Checking icons for Default-theme theme. Icons color: #FFFFFF
2024-02-25 02:05:08,260 - INFO - all icons have been checked and missing icons generated!
2024-02-25 02:09:30,062 - INFO - Checking icons for Default-theme theme. Icons color: #FFFFFF
2024-02-25 02:09:30,864 - INFO - all icons have been checked and missing icons generated!
2024-02-25 15:00:13,041 - INFO - Checking icons for Default-theme theme. Icons color: #FFFFFF
2024-02-25 15:00:14,525 - INFO - all icons have been checked and missing icons generated!
2024-02-25 15:08:06,842 - INFO - Checking icons for Default-theme theme. Icons color: #FFFFFF
2024-02-25 15:08:07,622 - INFO - all icons have been checked and missing icons generated!
2024-02-25 15:08:52,289 - INFO - Checking icons for Default-theme theme. Icons color: #FFFFFF
2024-02-25 15:08:53,041 - INFO - all icons have been checked and missing icons generated!
2024-02-25 15:09:14,996 - INFO - Checking icons for Default-theme theme. Icons color: #FFFFFF
2024-02-25 15:09:15,765 - INFO - all icons have been checked and missing icons generated!
2024-02-25 15:11:16,185 - INFO - Checking icons for Default-theme theme. Icons color: #FFFFFF
2024-02-25 15:11:17,128 - INFO - all icons have been checked and missing icons generated!
2024-02-25 15:12:55,254 - INFO - Checking icons for Default-theme theme. Icons color: #FFFFFF
2024-02-25 15:12:56,090 - INFO - all icons have been checked and missing icons generated!
2024-02-25 15:13:22,820 - INFO - Checking icons for Default-theme theme. Icons color: #FFFFFF
2024-02-25 15:13:23,605 - INFO - all icons have been checked and missing icons generated!
2024-02-25 15:40:26,324 - INFO - Checking icons for Default-theme theme. Icons color: #FFFFFF
2024-02-25 15:40:27,092 - INFO - all icons have been checked and missing icons generated!
2024-02-25 15:41:20,378 - INFO - Checking icons for Default-theme theme. Icons color: #FFFFFF
2024-02-25 15:41:21,289 - INFO - all icons have been checked and missing icons generated!
2024-02-25 15:44:28,225 - INFO - Checking icons for Default-theme theme. Icons color: #FFFFFF
2024-02-25 15:44:28,998 - INFO - all icons have been checked and missing icons generated!
2024-02-25 17:46:37,652 - INFO - Checking icons for Default-theme theme. Icons color: #FFFFFF
2024-02-25 17:46:38,745 - INFO - all icons have been checked and missing icons generated!
2024-02-25 18:08:34,221 - INFO - Checking icons for Default-theme theme. Icons color: #FFFFFF
2024-02-25 18:08:35,105 - INFO - all icons have been checked and missing icons generated!
2024-02-25 18:10:16,726 - INFO - Checking icons for Default-theme theme. Icons color: #FFFFFF
2024-02-25 18:10:17,503 - INFO - all icons have been checked and missing icons generated!
2024-02-25 18:11:03,503 - INFO - Checking icons for Default-theme theme. Icons color: #FFFFFF
2024-02-25 18:11:04,257 - INFO - all icons have been checked and missing icons generated!
2024-02-25 18:11:26,463 - INFO - Checking icons for Default-theme theme. Icons color: #FFFFFF
2024-02-25 18:11:27,208 - INFO - all icons have been checked and missing icons generated!
2024-02-25 18:14:45,717 - INFO - Checking icons for Default-theme theme. Icons color: #FFFFFF
2024-02-25 18:14:46,490 - INFO - all icons have been checked and missing icons generated!
2024-02-25 18:15:08,739 - INFO - Checking icons for Default-theme theme. Icons color: #FFFFFF
2024-02-25 18:15:09,502 - INFO - all icons have been checked and missing icons generated!
2024-02-25 18:15:24,318 - INFO - Checking icons for Default-theme theme. Icons color: #FFFFFF
2024-02-25 18:15:25,083 - INFO - all icons have been checked and missing icons generated!
2024-02-25 18:20:06,059 - INFO - Checking icons for Default-theme theme. Icons color: #FFFFFF
2024-02-25 18:20:06,828 - INFO - all icons have been checked and missing icons generated!
2024-02-25 20:32:27,204 - INFO - Checking icons for Default-theme theme. Icons color: #FFFFFF
2024-02-25 20:32:28,557 - INFO - all icons have been checked and missing icons generated!
2024-02-25 20:37:15,401 - INFO - Checking icons for Default-theme theme. Icons color: #FFFFFF
2024-02-25 20:37:16,240 - INFO - all icons have been checked and missing icons generated!
2024-02-25 20:38:13,609 - INFO - Checking icons for Default-theme theme. Icons color: #FFFFFF
2024-02-25 20:38:14,525 - INFO - all icons have been checked and missing icons generated!
2024-02-25 20:41:43,144 - INFO - Checking icons for Default-theme theme. Icons color: #FFFFFF
2024-02-25 20:41:43,945 - INFO - all icons have been checked and missing icons generated!
2024-02-25 20:45:03,537 - INFO - Checking icons for Default-theme theme. Icons color: #FFFFFF
2024-02-25 20:45:04,300 - INFO - all icons have been checked and missing icons generated!
2024-02-25 20:45:22,259 - INFO - Checking icons for Default-theme theme. Icons color: #FFFFFF
2024-02-25 20:45:23,046 - INFO - all icons have been checked and missing icons generated!
2024-02-25 20:45:37,581 - INFO - Checking icons for Default-theme theme. Icons color: #FFFFFF
2024-02-25 20:45:38,439 - INFO - all icons have been checked and missing icons generated!
2024-02-26 07:12:20,564 - INFO - Checking icons for Default-theme theme. Icons color: #FFFFFF
2024-02-26 07:12:23,049 - INFO - all icons have been checked and missing icons generated!
2024-02-26 07:12:43,832 - INFO - Checking icons for Default-theme theme. Icons color: #FFFFFF
2024-02-26 07:12:44,644 - INFO - all icons have been checked and missing icons generated!
2024-02-26 07:48:21,421 - INFO - Checking icons for Default-theme theme. Icons color: #FFFFFF
2024-02-26 07:48:22,193 - INFO - all icons have been checked and missing icons generated!
2024-02-26 07:49:17,259 - INFO - Checking icons for Default-theme theme. Icons color: #FFFFFF
2024-02-26 07:49:18,064 - INFO - all icons have been checked and missing icons generated!
2024-02-26 15:24:34,887 - INFO - Checking icons for Default-theme theme. Icons color: #FFFFFF
2024-02-26 15:24:38,173 - INFO - all icons have been checked and missing icons generated!
2024-02-26 19:50:16,936 - INFO - Checking icons for Default-theme theme. Icons color: #FFFFFF
2024-02-26 19:50:18,839 - INFO - all icons have been checked and missing icons generated!
2024-02-26 19:51:08,017 - INFO - Checking icons for Default-theme theme. Icons color: #FFFFFF
2024-02-26 19:51:08,829 - INFO - all icons have been checked and missing icons generated!
2024-02-26 19:52:22,397 - INFO - Checking icons for Default-theme theme. Icons color: #FFFFFF
2024-02-26 19:52:23,178 - INFO - all icons have been checked and missing icons generated!
2024-02-26 19:53:45,557 - INFO - Checking icons for Default-theme theme. Icons color: #FFFFFF
2024-02-26 19:53:46,362 - INFO - all icons have been checked and missing icons generated!
2024-02-26 20:03:35,988 - INFO - Checking icons for Default-theme theme. Icons color: #FFFFFF
2024-02-26 20:03:36,901 - INFO - all icons have been checked and missing icons generated!
2024-02-26 20:11:24,109 - INFO - Checking icons for Default-theme theme. Icons color: #FFFFFF
2024-02-26 20:11:24,871 - INFO - all icons have been checked and missing icons generated!
2024-02-26 20:11:57,245 - INFO - Checking icons for Default-theme theme. Icons color: #FFFFFF
2024-02-26 20:11:58,087 - INFO - all icons have been checked and missing icons generated!
2024-02-26 20:22:07,421 - INFO - Checking icons for Default-theme theme. Icons color: #FFFFFF
2024-02-26 20:22:08,178 - INFO - all icons have been checked and missing icons generated!
2024-02-26 20:50:43,763 - INFO - Checking icons for Default-theme theme. Icons color: #FFFFFF
2024-02-26 20:50:44,522 - INFO - all icons have been checked and missing icons generated!
2024-02-26 21:15:28,885 - INFO - Checking icons for Default-theme theme. Icons color: #FFFFFF
2024-02-26 21:15:30,701 - INFO - all icons have been checked and missing icons generated!
2024-02-26 21:16:24,820 - INFO - Checking icons for Default-theme theme. Icons color: #FFFFFF
2024-02-26 21:16:25,642 - INFO - all icons have been checked and missing icons generated!
2024-02-27 05:50:40,564 - INFO - Checking icons for Default-theme theme. Icons color: #FFFFFF
2024-02-27 05:50:42,253 - INFO - all icons have been checked and missing icons generated!
2024-02-27 06:55:31,037 - INFO - Checking icons for Default-theme theme. Icons color: #FFFFFF
2024-02-27 06:55:32,787 - INFO - all icons have been checked and missing icons generated!
2024-02-27 08:12:57,487 - INFO - Checking icons for Default-theme theme. Icons color: #FFFFFF
2024-02-27 08:12:59,442 - INFO - all icons have been checked and missing icons generated!
2024-02-27 08:13:45,506 - INFO - Checking icons for Default-theme theme. Icons color: #FFFFFF
2024-02-27 08:13:46,275 - INFO - all icons have been checked and missing icons generated!
2024-02-27 08:14:26,855 - INFO - Checking icons for Default-theme theme. Icons color: #FFFFFF
2024-02-27 08:14:27,601 - INFO - all icons have been checked and missing icons generated!
2024-02-27 08:14:50,396 - INFO - Checking icons for Default-theme theme. Icons color: #FFFFFF
2024-02-27 08:14:51,166 - INFO - all icons have been checked and missing icons generated!
2024-02-27 08:15:16,743 - INFO - Checking icons for Default-theme theme. Icons color: #FFFFFF
2024-02-27 08:15:17,641 - INFO - all icons have been checked and missing icons generated!
2024-02-27 13:35:46,147 - INFO - Checking icons for Default-theme theme. Icons color: #FFFFFF
2024-02-27 13:35:47,028 - INFO - all icons have been checked and missing icons generated!
2024-02-27 13:38:55,227 - INFO - Checking icons for Default-theme theme. Icons color: #FFFFFF
2024-02-27 13:38:56,486 - INFO - all icons have been checked and missing icons generated!
2024-02-27 13:42:06,159 - INFO - Checking icons for Default-theme theme. Icons color: #FFFFFF
2024-02-27 13:42:07,008 - INFO - all icons have been checked and missing icons generated!
2024-02-27 15:44:25,324 - INFO - Checking icons for Default-theme theme. Icons color: #FFFFFF
2024-02-27 15:44:26,247 - INFO - all icons have been checked and missing icons generated!
2024-02-27 19:48:16,907 - INFO - Checking icons for Default-theme theme. Icons color: #FFFFFF
2024-02-27 19:48:18,227 - INFO - all icons have been checked and missing icons generated!
2024-02-27 19:53:46,215 - INFO - Checking icons for Default-theme theme. Icons color: #FFFFFF
2024-02-27 19:53:46,975 - INFO - all icons have been checked and missing icons generated!
2024-02-27 19:56:35,462 - INFO - Checking icons for Default-theme theme. Icons color: #FFFFFF
2024-02-27 19:56:36,337 - INFO - all icons have been checked and missing icons generated!
2024-02-27 19:57:51,138 - INFO - Checking icons for Default-theme theme. Icons color: #FFFFFF
2024-02-27 19:57:51,928 - INFO - all icons have been checked and missing icons generated!
2024-02-27 20:03:15,262 - INFO - Checking icons for Default-theme theme. Icons color: #FFFFFF
2024-02-27 20:03:16,157 - INFO - all icons have been checked and missing icons generated!
2024-02-27 20:09:14,116 - INFO - Checking icons for Default-theme theme. Icons color: #FFFFFF
2024-02-27 20:09:14,876 - INFO - all icons have been checked and missing icons generated!
2024-02-27 20:17:41,754 - INFO - Checking icons for Default-theme theme. Icons color: #FFFFFF
2024-02-27 20:17:42,534 - INFO - all icons have been checked and missing icons generated!
2024-02-29 09:14:04,337 - INFO - Checking icons for Default-theme theme. Icons color: #FFFFFF
2024-02-29 09:14:05,593 - INFO - all icons have been checked and missing icons generated!
2024-03-07 10:52:06,841 - INFO - Checking icons for Default-theme theme. Icons color: #FFFFFF
2024-03-07 10:52:08,690 - INFO - all icons have been checked and missing icons generated!
2024-03-07 10:56:53,393 - INFO - Checking icons for Default-theme theme. Icons color: #FFFFFF
2024-03-07 10:56:54,303 - INFO - all icons have been checked and missing icons generated!
2024-03-07 13:13:51,524 - INFO - Checking icons for Default-theme theme. Icons color: #FFFFFF
2024-03-07 13:13:53,095 - INFO - all icons have been checked and missing icons generated!
2024-03-07 13:20:20,772 - INFO - Checking icons for Default-theme theme. Icons color: #FFFFFF
2024-03-07 13:20:21,613 - INFO - all icons have been checked and missing icons generated!
2024-03-07 13:26:33,738 - INFO - Checking icons for Default-theme theme. Icons color: #FFFFFF
2024-03-07 13:26:34,478 - INFO - all icons have been checked and missing icons generated!
2024-03-07 13:35:14,548 - INFO - Checking icons for Default-theme theme. Icons color: #FFFFFF
2024-03-07 13:35:15,441 - INFO - all icons have been checked and missing icons generated!
2024-03-07 13:40:31,344 - INFO - Checking icons for Default-theme theme. Icons color: #FFFFFF
2024-03-07 13:40:32,136 - INFO - all icons have been checked and missing icons generated!
2024-03-07 13:42:11,844 - INFO - Checking icons for Default-theme theme. Icons color: #FFFFFF
2024-03-07 13:42:12,573 - INFO - all icons have been checked and missing icons generated!
2024-03-07 13:44:39,188 - INFO - Checking icons for Default-theme theme. Icons color: #FFFFFF
2024-03-07 13:44:40,518 - INFO - all icons have been checked and missing icons generated!
2024-03-07 13:49:01,768 - INFO - Checking icons for Default-theme theme. Icons color: #FFFFFF
2024-03-07 13:49:02,500 - INFO - all icons have been checked and missing icons generated!
2024-03-07 13:49:30,655 - INFO - Checking icons for Default-theme theme. Icons color: #FFFFFF
2024-03-07 13:49:31,434 - INFO - all icons have been checked and missing icons generated!
2024-03-07 13:52:32,395 - INFO - Checking icons for Default-theme theme. Icons color: #FFFFFF
2024-03-07 13:52:33,174 - INFO - all icons have been checked and missing icons generated!
2024-03-07 13:53:18,737 - INFO - Checking icons for Default-theme theme. Icons color: #FFFFFF
2024-03-07 13:53:19,610 - INFO - all icons have been checked and missing icons generated!
2024-03-07 13:54:57,252 - INFO - Checking icons for Default-theme theme. Icons color: #FFFFFF
2024-03-07 13:54:57,971 - INFO - all icons have been checked and missing icons generated!
2024-03-07 13:55:13,869 - INFO - Checking icons for Default-theme theme. Icons color: #FFFFFF
2024-03-07 13:55:14,764 - INFO - all icons have been checked and missing icons generated!
2024-03-07 14:02:06,432 - INFO - Checking icons for Default-theme theme. Icons color: #FFFFFF
2024-03-07 14:02:07,247 - INFO - all icons have been checked and missing icons generated!
2024-03-07 14:07:58,680 - INFO - Checking icons for Default-theme theme. Icons color: #FFFFFF
2024-03-07 14:07:59,515 - INFO - all icons have been checked and missing icons generated!
2024-03-07 14:08:50,388 - INFO - Checking icons for Default-theme theme. Icons color: #FFFFFF
2024-03-07 14:08:51,307 - INFO - all icons have been checked and missing icons generated!
2024-03-07 14:14:25,356 - INFO - Checking icons for Default-theme theme. Icons color: #FFFFFF
2024-03-07 14:14:26,177 - INFO - all icons have been checked and missing icons generated!
2024-03-07 21:23:43,669 - INFO - Checking icons for Default-theme theme. Icons color: #FFFFFF
2024-03-07 21:23:45,141 - INFO - all icons have been checked and missing icons generated!
2024-03-07 21:52:32,853 - INFO - Checking icons for Default-theme theme. Icons color: #FFFFFF
2024-03-07 21:52:33,606 - INFO - all icons have been checked and missing icons generated!
2024-03-07 21:55:17,659 - INFO - Checking icons for Default-theme theme. Icons color: #FFFFFF
2024-03-07 21:55:18,439 - INFO - all icons have been checked and missing icons generated!
2024-03-07 22:06:17,657 - INFO - Checking icons for Default-theme theme. Icons color: #FFFFFF
2024-03-07 22:06:18,442 - INFO - all icons have been checked and missing icons generated!
2024-03-07 22:07:52,568 - INFO - Checking icons for Default-theme theme. Icons color: #FFFFFF
2024-03-07 22:07:53,384 - INFO - all icons have been checked and missing icons generated!
2024-03-07 22:29:50,004 - INFO - Checking icons for Default-theme theme. Icons color: #FFFFFF
2024-03-07 22:29:50,731 - INFO - all icons have been checked and missing icons generated!
2024-03-07 23:38:42,735 - INFO - Checking icons for Default-theme theme. Icons color: #FFFFFF
2024-03-07 23:38:43,506 - INFO - all icons have been checked and missing icons generated!
2024-03-10 18:59:26,146 - INFO - Checking icons for Default-theme theme. Icons color: #FFFFFF
2024-03-10 18:59:28,108 - INFO - all icons have been checked and missing icons generated!
2024-03-10 19:07:13,400 - INFO - Checking icons for Default-theme theme. Icons color: #FFFFFF
2024-03-10 19:07:14,267 - INFO - all icons have been checked and missing icons generated!
